#
# A fatal error has been detected by the Java Runtime Environment:
#
#  SIGSEGV (0xb) at pc=0x00000000, pid=5610, tid=2123701104
#
# JRE version: 6.0_22-b04
# Java VM: Java HotSpot(TM) Server VM (17.1-b03 mixed mode linux-x86 )
# Problematic frame:
# C  0x00000000
#
# If you would like to submit a bug report, please visit:
#   http://java.sun.com/webapps/bugreport/crash.jsp
# The crash happened outside the Java Virtual Machine in native code.
# See problematic frame for where to report the bug.
#

---------------  T H R E A D  ---------------

Current thread (0x08d09400):  JavaThread "Headspace mixer frame proc thread" daemon [_thread_in_native, id=5694, stack(0x7e901000,0x7e952000)]

siginfo:si_signo=SIGSEGV: si_errno=0, si_code=1 (SEGV_MAPERR), si_addr=0x00000000

Registers:
EAX=0x844db0bd, EBX=0x7f4ad3a8, ECX=0x00000000, EDX=0x00000000
ESP=0x7e950c3c, EBP=0x7e950c68, ESI=0x08a37fa8, EDI=0x08c44980
EIP=0x00000000, CR2=0x00000000, EFLAGS=0x00010206

Top of Stack: (sp=0x7e950c3c)
0x7e950c3c:   7f4990b6 08d09518 844db0bd 4d4c6eb5
0x7e950c4c:   0008104c 08d09518 7f4ad3a8 84496861
0x7e950c5c:   7f4ad3a8 08c44980 00000002 7e950cb8
0x7e950c6c:   7f4a927a 08d09518 08c44980 00000800
0x7e950c7c:   00000200 b72a8768 84a139c0 7e950c90
0x7e950c8c:   000d0000 000cc080 00000002 0004c080
0x7e950c9c:   08d09400 84a139c0 84a139c0 7f4a91bb
0x7e950cac:   813c0420 813c0420 08d09400 7e950cc8 

Instructions: (pc=0x00000000)
0xfffffff0:   

Stack: [0x7e901000,0x7e952000],  sp=0x7e950c3c,  free space=13f7e9505c0k
Java frames: (J=compiled Java code, j=interpreted, Vv=VM code)
j  com.sun.media.sound.MixerThread.runNative(J)V+0
j  com.sun.media.sound.MixerThread.run()V+5
v  ~StubRoutines::call_stub

---------------  P R O C E S S  ---------------

Java Threads: ( => current thread )
  0x08a5f800 JavaThread "SwingWorker-pool-1-thread-4" daemon [_thread_blocked, id=5710, stack(0x7f67a000,0x7f6cb000)]
  0x7f855400 JavaThread "AWT-EventQueue-0" [_thread_blocked, id=5708, stack(0x7edaf000,0x7ee00000)]
  0x7f11d800 JavaThread "SwingWorker-pool-1-thread-3" daemon [_thread_blocked, id=5695, stack(0x7e1af000,0x7e200000)]
=>0x08d09400 JavaThread "Headspace mixer frame proc thread" daemon [_thread_in_native, id=5694, stack(0x7e901000,0x7e952000)]
  0x08a75800 JavaThread "Java Sound Event Dispatcher" daemon [_thread_blocked, id=5693, stack(0x7e952000,0x7e9a3000)]
  0x08be9000 JavaThread "SwingWorker-pool-1-thread-2" daemon [_thread_blocked, id=5691, stack(0x7f35f000,0x7f3b0000)]
  0x7fd33c00 JavaThread "SwingWorker-pool-1-thread-1" daemon [_thread_blocked, id=5685, stack(0x7f629000,0x7f67a000)]
  0x7f5a2400 JavaThread "TimerQueue" daemon [_thread_blocked, id=5636, stack(0x7f4af000,0x7f500000)]
  0x7f520800 JavaThread "DestroyJavaVM" [_thread_blocked, id=5614, stack(0xb6ab7000,0xb6b08000)]
  0x08ad4000 JavaThread "AWT-Shutdown" [_thread_blocked, id=5629, stack(0x7f738000,0x7f789000)]
  0x08ad0400 JavaThread "AWT-XAWT" daemon [_thread_in_native, id=5628, stack(0x7f789000,0x7f7da000)]
  0x0898d800 JavaThread "Java2D Disposer" daemon [_thread_blocked, id=5627, stack(0x7f90f000,0x7f960000)]
  0x08908c00 JavaThread "Low Memory Detector" daemon [_thread_blocked, id=5625, stack(0x7fcaf000,0x7fd00000)]
  0x08906800 JavaThread "CompilerThread1" daemon [_thread_blocked, id=5624, stack(0x7fe26000,0x7fea7000)]
  0x08904000 JavaThread "CompilerThread0" daemon [_thread_blocked, id=5623, stack(0x7fea7000,0x7ff28000)]
  0x08902400 JavaThread "Signal Dispatcher" daemon [_thread_blocked, id=5622, stack(0x7ff28000,0x7ff79000)]
  0x088f2000 JavaThread "Finalizer" daemon [_thread_blocked, id=5621, stack(0x7ffb8000,0x80009000)]
  0x088ed800 JavaThread "Reference Handler" daemon [_thread_blocked, id=5620, stack(0x80009000,0x8005a000)]

Other Threads:
  0x088eac00 VMThread [stack: 0x8005a000,0x800db000] [id=5619]
  0x08913000 WatcherThread [stack: 0x7fc2e000,0x7fcaf000] [id=5626]

VM state:not at safepoint (normal execution)

VM Mutex/Monitor currently owned by a thread: None

Heap
 PSYoungGen      total 128192K, used 50351K [0xa3e10000, 0xb0a90000, 0xb3960000)
  eden space 52416K, 96% used [0xa3e10000,0xa6f3bc90,0xa7140000)
  from space 75776K, 0% used [0xa7140000,0xa7140000,0xabb40000)
  to   space 76736K, 0% used [0xabfa0000,0xabfa0000,0xb0a90000)
 PSOldGen        total 492160K, used 271342K [0x84760000, 0xa2800000, 0xa3e10000)
  object space 492160K, 55% used [0x84760000,0x9505b9f8,0xa2800000)
 PSPermGen       total 16384K, used 12741K [0x80760000, 0x81760000, 0x84760000)
  object space 16384K, 77% used [0x80760000,0x813d16a0,0x81760000)

Dynamic libraries:
08048000-08052000 r-xp 00000000 08:06 1057357    /usr/lib/jvm/java-6-sun-1.6.0.22/jre/bin/java
08052000-08053000 rwxp 00009000 08:06 1057357    /usr/lib/jvm/java-6-sun-1.6.0.22/jre/bin/java
08846000-091d9000 rwxp 00000000 00:00 0          [heap]
7de58000-7e000000 rwxs 00000000 00:04 6783010    /SYSV00000000 (deleted)
7e000000-7e037000 rwxp 00000000 00:00 0 
7e037000-7e100000 ---p 00000000 00:00 0 
7e1af000-7e1b2000 ---p 00000000 00:00 0 
7e1b2000-7e200000 rwxp 00000000 00:00 0 
7e200000-7e400000 rwxp 00000000 00:00 0 
7e400000-7e600000 rwxp 00000000 00:00 0 
7e600000-7e800000 rwxp 00000000 00:00 0 
7e800000-7e900000 rwxp 00000000 00:00 0 
7e901000-7e904000 ---p 00000000 00:00 0 
7e904000-7e952000 rwxp 00000000 00:00 0 
7e952000-7e955000 ---p 00000000 00:00 0 
7e955000-7e9a3000 rwxp 00000000 00:00 0 
7e9a3000-7e9ca000 r-xp 00000000 08:06 268260     /usr/lib/libvorbis.so.0.4.3
7e9ca000-7e9cb000 r-xp 00026000 08:06 268260     /usr/lib/libvorbis.so.0.4.3
7e9cb000-7e9cc000 rwxp 00027000 08:06 268260     /usr/lib/libvorbis.so.0.4.3
7e9cc000-7eab8000 r-xp 00000000 08:06 268262     /usr/lib/libvorbisenc.so.2.0.6
7eab8000-7eab9000 ---p 000ec000 08:06 268262     /usr/lib/libvorbisenc.so.2.0.6
7eab9000-7eac7000 r-xp 000ec000 08:06 268262     /usr/lib/libvorbisenc.so.2.0.6
7eac7000-7eac8000 rwxp 000fa000 08:06 268262     /usr/lib/libvorbisenc.so.2.0.6
7eac8000-7eb13000 r-xp 00000000 08:06 267244     /usr/lib/libFLAC.so.8.2.0
7eb13000-7eb14000 r-xp 0004a000 08:06 267244     /usr/lib/libFLAC.so.8.2.0
7eb14000-7eb15000 rwxp 0004b000 08:06 267244     /usr/lib/libFLAC.so.8.2.0
7eb15000-7eb76000 r-xp 00000000 08:06 268172     /usr/lib/libsndfile.so.1.0.21
7eb76000-7eb77000 ---p 00061000 08:06 268172     /usr/lib/libsndfile.so.1.0.21
7eb77000-7eb78000 r-xp 00061000 08:06 268172     /usr/lib/libsndfile.so.1.0.21
7eb78000-7eb79000 rwxp 00062000 08:06 268172     /usr/lib/libsndfile.so.1.0.21
7eb79000-7eb7d000 rwxp 00000000 00:00 0 
7eb7d000-7ec40000 r-xp 00000000 08:06 267374     /usr/lib/libasound.so.2.0.0
7ec40000-7ec44000 r-xp 000c2000 08:06 267374     /usr/lib/libasound.so.2.0.0
7ec44000-7ec45000 rwxp 000c6000 08:06 267374     /usr/lib/libasound.so.2.0.0
7edaf000-7edb2000 ---p 00000000 00:00 0 
7edb2000-7ee00000 rwxp 00000000 00:00 0 
7ee00000-7eee1000 rwxp 00000000 00:00 0 
7eee1000-7ef00000 ---p 00000000 00:00 0 
7ef00000-7f000000 rwxp 00000000 00:00 0 
7f000000-7f0fb000 rwxp 00000000 00:00 0 
7f0fb000-7f100000 ---p 00000000 00:00 0 
7f100000-7f1f9000 rwxp 00000000 00:00 0 
7f1f9000-7f200000 ---p 00000000 00:00 0 
7f200000-7f2d5000 rwxp 00000000 00:00 0 
7f2d5000-7f300000 ---p 00000000 00:00 0 
7f30d000-7f312000 r-xp 00000000 08:06 268018     /usr/lib/libogg.so.0.6.0
7f312000-7f313000 r-xp 00004000 08:06 268018     /usr/lib/libogg.so.0.6.0
7f313000-7f314000 rwxp 00005000 08:06 268018     /usr/lib/libogg.so.0.6.0
7f314000-7f35d000 r-xp 00000000 08:06 268113     /usr/lib/libpulsecommon-0.9.21.so
7f35d000-7f35e000 r-xp 00048000 08:06 268113     /usr/lib/libpulsecommon-0.9.21.so
7f35e000-7f35f000 rwxp 00049000 08:06 268113     /usr/lib/libpulsecommon-0.9.21.so
7f35f000-7f362000 ---p 00000000 00:00 0 
7f362000-7f3b0000 rwxp 00000000 00:00 0 
7f3b3000-7f3ea000 r-xp 00000000 08:06 787873     /lib/libdbus-1.so.3.4.0
7f3ea000-7f3eb000 r-xp 00036000 08:06 787873     /lib/libdbus-1.so.3.4.0
7f3eb000-7f3ec000 rwxp 00037000 08:06 787873     /lib/libdbus-1.so.3.4.0
7f3ec000-7f3f3000 r-xp 00000000 08:06 786625     /lib/libwrap.so.0.7.6
7f3f3000-7f3f4000 r-xp 00006000 08:06 786625     /lib/libwrap.so.0.7.6
7f3f4000-7f3f5000 rwxp 00007000 08:06 786625     /lib/libwrap.so.0.7.6
7f3f5000-7f3fc000 r-xp 00000000 08:06 267288     /usr/lib/libSM.so.6.0.1
7f3fc000-7f3fd000 r-xp 00006000 08:06 267288     /usr/lib/libSM.so.6.0.1
7f3fd000-7f3fe000 rwxp 00007000 08:06 267288     /usr/lib/libSM.so.6.0.1
7f3fe000-7f413000 r-xp 00000000 08:06 267259     /usr/lib/libICE.so.6.3.0
7f413000-7f414000 r-xp 00014000 08:06 267259     /usr/lib/libICE.so.6.3.0
7f414000-7f415000 rwxp 00015000 08:06 267259     /usr/lib/libICE.so.6.3.0
7f415000-7f417000 rwxp 00000000 00:00 0 
7f417000-7f457000 r-xp 00000000 08:06 268112     /usr/lib/libpulse.so.0.12.2
7f457000-7f458000 r-xp 00040000 08:06 268112     /usr/lib/libpulse.so.0.12.2
7f458000-7f459000 rwxp 00041000 08:06 268112     /usr/lib/libpulse.so.0.12.2
7f46f000-7f47e000 r-xp 00000000 08:06 1057390    /usr/lib/jvm/java-6-sun-1.6.0.22/jre/lib/i386/libjsoundalsa.so
7f47e000-7f47f000 rwxp 0000e000 08:06 1057390    /usr/lib/jvm/java-6-sun-1.6.0.22/jre/lib/i386/libjsoundalsa.so
7f47f000-7f4ad000 r-xp 00000000 08:06 1057389    /usr/lib/jvm/java-6-sun-1.6.0.22/jre/lib/i386/libjsound.so
7f4ad000-7f4ae000 rwxp 0002e000 08:06 1057389    /usr/lib/jvm/java-6-sun-1.6.0.22/jre/lib/i386/libjsound.so
7f4ae000-7f4af000 rwxp 00000000 00:00 0 
7f4af000-7f4b2000 ---p 00000000 00:00 0 
7f4b2000-7f500000 rwxp 00000000 00:00 0 
7f500000-7f5fe000 rwxp 00000000 00:00 0 
7f5fe000-7f600000 ---p 00000000 00:00 0 
7f601000-7f616000 r-xp 00000000 08:06 1057394    /usr/lib/jvm/java-6-sun-1.6.0.22/jre/lib/i386/libdcpr.so
7f616000-7f629000 rwxp 00014000 08:06 1057394    /usr/lib/jvm/java-6-sun-1.6.0.22/jre/lib/i386/libdcpr.so
7f629000-7f62c000 ---p 00000000 00:00 0 
7f62c000-7f67a000 rwxp 00000000 00:00 0 
7f67a000-7f67d000 ---p 00000000 00:00 0 
7f67d000-7f6cb000 rwxp 00000000 00:00 0 
7f6cb000-7f6cc000 r-xs 00000000 08:06 2368404    /var/cache/fontconfig/26de28bc8622bbc1fb67fd234c21975f-le32d4.cache-3
7f6cc000-7f6cd000 r-xs 00000000 08:06 2359361    /var/cache/fontconfig/c05880de57d1f5e948fdfacc138775d9-le32d4.cache-3
7f6cd000-7f6d3000 r-xs 00000000 08:06 2359358    /var/cache/fontconfig/945677eb7aeaf62f1d50efc3fb3ec7d8-le32d4.cache-3
7f6d3000-7f6d5000 r-xs 00000000 08:06 2359359    /var/cache/fontconfig/99e8ed0e538f840c565b6ed5dad60d56-le32d4.cache-3
7f6d5000-7f6d8000 r-xs 00000000 08:06 2359368    /var/cache/fontconfig/e383d7ea5fbe662a33d9b44caf393297-le32d4.cache-3
7f6d8000-7f6da000 r-xs 00000000 08:06 2365493    /var/cache/fontconfig/ea47318ec9849e1a71e80a5d69d13859-le32d4.cache-3
7f6da000-7f6db000 r-xs 00000000 08:06 2365492    /var/cache/fontconfig/e3fa16a14183b06aa45b3e009278fd14-le32d4.cache-3
7f6db000-7f6dc000 r-xs 00000000 08:06 2359369    /var/cache/fontconfig/e7071f4a29fa870f4323321c154eba04-le32d4.cache-3
7f6dc000-7f6df000 r-xs 00000000 08:06 2359355    /var/cache/fontconfig/6eb3985aa4124903f6ff08ba781cd364-le32d4.cache-3
7f6df000-7f6e0000 r-xs 00000000 08:06 2359351    /var/cache/fontconfig/4c73fe0c47614734b17d736dbde7580a-le32d4.cache-3
7f6e0000-7f6e1000 r-xs 00000000 08:06 2359345    /var/cache/fontconfig/0d8c3b2ac0904cb8a57a757ad11a4a08-le32d4.cache-3
7f6e1000-7f6e2000 r-xs 00000000 08:06 2359353    /var/cache/fontconfig/6a53c69dea097a2d716e069445527da8-le32d4.cache-3
7f6e2000-7f6e6000 r-xs 00000000 08:06 2359360    /var/cache/fontconfig/a755afe4a08bf5b97852ceb7400b47bc-le32d4.cache-3
7f6e6000-7f6ed000 r-xs 00000000 08:06 2367069    /var/cache/fontconfig/6d41288fd70b0be22e8c3a91e032eec0-le32d4.cache-3
7f6ed000-7f6f8000 r-xs 00000000 08:06 2367736    /var/cache/fontconfig/0f34bcd4b6ee430af32735b75db7f02b-le32d4.cache-3
7f6f8000-7f6fb000 r-xs 00000000 08:06 2359365    /var/cache/fontconfig/d60319d88cac85ba9e1a07bd06cfbb8c-le32d4.cache-3
7f6fb000-7f6fc000 r-xs 00000000 08:06 2365491    /var/cache/fontconfig/4794a0821666d79190d59a36cb4f44b5-le32d4.cache-3
7f6fc000-7f71e000 r-xs 00000000 08:06 2367170    /var/cache/fontconfig/365b55f210c0a22e9a19e35191240f32-le32d4.cache-3
7f724000-7f737000 r-xp 00000000 08:06 1057385    /usr/lib/jvm/java-6-sun-1.6.0.22/jre/lib/i386/libnet.so
7f737000-7f738000 rwxp 00013000 08:06 1057385    /usr/lib/jvm/java-6-sun-1.6.0.22/jre/lib/i386/libnet.so
7f738000-7f73b000 ---p 00000000 00:00 0 
7f73b000-7f789000 rwxp 00000000 00:00 0 
7f789000-7f78c000 ---p 00000000 00:00 0 
7f78c000-7f7da000 rwxp 00000000 00:00 0 
7f7da000-7f7de000 r-xp 00000000 08:06 267309     /usr/lib/libXfixes.so.3.1.0
7f7de000-7f7df000 r-xp 00003000 08:06 267309     /usr/lib/libXfixes.so.3.1.0
7f7df000-7f7e0000 rwxp 00004000 08:06 267309     /usr/lib/libXfixes.so.3.1.0
7f7e0000-7f7e8000 r-xp 00000000 08:06 267301     /usr/lib/libXcursor.so.1.0.2
7f7e8000-7f7e9000 r-xp 00007000 08:06 267301     /usr/lib/libXcursor.so.1.0.2
7f7e9000-7f7ea000 rwxp 00008000 08:06 267301     /usr/lib/libXcursor.so.1.0.2
7f7f0000-7f7f7000 r-xp 00000000 08:06 1057386    /usr/lib/jvm/java-6-sun-1.6.0.22/jre/lib/i386/libnio.so
7f7f7000-7f7f8000 rwxp 00006000 08:06 1057386    /usr/lib/jvm/java-6-sun-1.6.0.22/jre/lib/i386/libnio.so
7f7f8000-7f800000 r-xs 00115000 08:06 408326     /usr/lib/jvm/java-6-sun-1.6.0.22/jre/lib/resources.jar
7f800000-7f8fb000 rwxp 00000000 00:00 0 
7f8fb000-7f900000 ---p 00000000 00:00 0 
7f900000-7f903000 r-xp 00000000 08:06 787022     /lib/libuuid.so.1.3.0
7f903000-7f904000 r-xp 00002000 08:06 787022     /lib/libuuid.so.1.3.0
7f904000-7f905000 rwxp 00003000 08:06 787022     /lib/libuuid.so.1.3.0
7f905000-7f90d000 r-xp 00000000 08:06 267329     /usr/lib/libXrender.so.1.3.0
7f90d000-7f90e000 r-xp 00007000 08:06 267329     /usr/lib/libXrender.so.1.3.0
7f90e000-7f90f000 rwxp 00008000 08:06 267329     /usr/lib/libXrender.so.1.3.0
7f90f000-7f912000 ---p 00000000 00:00 0 
7f912000-7f960000 rwxp 00000000 00:00 0 
7f960000-7f9d9000 r-xp 00000000 08:06 1057398    /usr/lib/jvm/java-6-sun-1.6.0.22/jre/lib/i386/libfontmanager.so
7f9d9000-7f9e3000 rwxp 00078000 08:06 1057398    /usr/lib/jvm/java-6-sun-1.6.0.22/jre/lib/i386/libfontmanager.so
7f9e3000-7f9e8000 rwxp 00000000 00:00 0 
7f9e8000-7f9ec000 r-xp 00000000 08:06 267305     /usr/lib/libXdmcp.so.6.0.0
7f9ec000-7f9ed000 r-xp 00003000 08:06 267305     /usr/lib/libXdmcp.so.6.0.0
7f9ed000-7f9ee000 rwxp 00004000 08:06 267305     /usr/lib/libXdmcp.so.6.0.0
7f9ee000-7fa06000 r-xp 00000000 08:06 268301     /usr/lib/libxcb.so.1.1.0
7fa06000-7fa07000 r-xp 00017000 08:06 268301     /usr/lib/libxcb.so.1.1.0
7fa07000-7fa08000 rwxp 00018000 08:06 268301     /usr/lib/libxcb.so.1.1.0
7fa08000-7fa14000 r-xp 00000000 08:06 267315     /usr/lib/libXi.so.6.1.0
7fa14000-7fa15000 r-xp 0000c000 08:06 267315     /usr/lib/libXi.so.6.1.0
7fa15000-7fa16000 rwxp 0000d000 08:06 267315     /usr/lib/libXi.so.6.1.0
7fa16000-7fa1a000 r-xp 00000000 08:06 267335     /usr/lib/libXtst.so.6.1.0
7fa1a000-7fa1b000 r-xp 00003000 08:06 267335     /usr/lib/libXtst.so.6.1.0
7fa1b000-7fa1c000 rwxp 00004000 08:06 267335     /usr/lib/libXtst.so.6.1.0
7fa1c000-7fb35000 r-xp 00000000 08:06 267290     /usr/lib/libX11.so.6.3.0
7fb35000-7fb36000 r-xp 00118000 08:06 267290     /usr/lib/libX11.so.6.3.0
7fb36000-7fb38000 rwxp 00119000 08:06 267290     /usr/lib/libX11.so.6.3.0
7fb38000-7fb39000 rwxp 00000000 00:00 0 
7fb39000-7fb7c000 r-xp 00000000 08:06 1192481    /usr/lib/jvm/java-6-sun-1.6.0.22/jre/lib/i386/xawt/libmawt.so
7fb7c000-7fb7e000 rwxp 00043000 08:06 1192481    /usr/lib/jvm/java-6-sun-1.6.0.22/jre/lib/i386/xawt/libmawt.so
7fb7e000-7fb7f000 rwxp 00000000 00:00 0 
7fb7f000-7fc03000 r-xp 00000000 08:06 1057396    /usr/lib/jvm/java-6-sun-1.6.0.22/jre/lib/i386/libawt.so
7fc03000-7fc0a000 rwxp 00084000 08:06 1057396    /usr/lib/jvm/java-6-sun-1.6.0.22/jre/lib/i386/libawt.so
7fc0a000-7fc2e000 rwxp 00000000 00:00 0 
7fc2e000-7fc2f000 ---p 00000000 00:00 0 
7fc2f000-7fcaf000 rwxp 00000000 00:00 0 
7fcaf000-7fcb2000 ---p 00000000 00:00 0 
7fcb2000-7fd00000 rwxp 00000000 00:00 0 
7fd00000-7fdfc000 rwxp 00000000 00:00 0 
7fdfc000-7fe00000 ---p 00000000 00:00 0 
7fe00000-7fe0e000 r-xp 00000000 08:06 267307     /usr/lib/libXext.so.6.4.0
7fe0e000-7fe0f000 r-xp 0000d000 08:06 267307     /usr/lib/libXext.so.6.4.0
7fe0f000-7fe10000 rwxp 0000e000 08:06 267307     /usr/lib/libXext.so.6.4.0
7fe13000-7fe1b000 r-xs 00000000 08:06 2359364    /var/cache/fontconfig/d52a8644073d54c13679302ca1180695-le32d4.cache-3
7fe1b000-7fe23000 r-xs 00000000 08:06 2367260    /var/cache/fontconfig/e13b20fdb08344e0e664864cc2ede53d-le32d4.cache-3
7fe23000-7fe26000 r-xs 00000000 08:06 2365490    /var/cache/fontconfig/7ef2298fde41cc6eeb7af42e48b7d293-le32d4.cache-3
7fe26000-7fe29000 ---p 00000000 00:00 0 
7fe29000-7fea7000 rwxp 00000000 00:00 0 
7fea7000-7feaa000 ---p 00000000 00:00 0 
7feaa000-7ff28000 rwxp 00000000 00:00 0 
7ff28000-7ff2b000 ---p 00000000 00:00 0 
7ff2b000-7ff79000 rwxp 00000000 00:00 0 
7ff79000-7ffb8000 r-xp 00000000 08:06 395683     /usr/lib/locale/pt_PT.utf8/LC_CTYPE
7ffb8000-7ffbb000 ---p 00000000 00:00 0 
7ffbb000-80009000 rwxp 00000000 00:00 0 
80009000-8000c000 ---p 00000000 00:00 0 
8000c000-8005a000 rwxp 00000000 00:00 0 
8005a000-8005b000 ---p 00000000 00:00 0 
8005b000-8010e000 rwxp 00000000 00:00 0 
8010e000-802a6000 r-xs 03013000 08:06 408349     /usr/lib/jvm/java-6-sun-1.6.0.22/jre/lib/rt.jar
802a6000-802a7000 ---p 00000000 00:00 0 
802a7000-80327000 rwxp 00000000 00:00 0 
80327000-80328000 ---p 00000000 00:00 0 
80328000-803a8000 rwxp 00000000 00:00 0 
803a8000-803a9000 ---p 00000000 00:00 0 
803a9000-80429000 rwxp 00000000 00:00 0 
80429000-8042a000 ---p 00000000 00:00 0 
8042a000-804b2000 rwxp 00000000 00:00 0 
804b2000-804b8000 ---p 00000000 00:00 0 
804b8000-804ca000 rwxp 00000000 00:00 0 
804ca000-805bb000 rwxp 00000000 00:00 0 
805bb000-805c6000 ---p 00000000 00:00 0 
805c6000-805ce000 rwxp 00000000 00:00 0 
805ce000-805d4000 ---p 00000000 00:00 0 
805d4000-805e6000 rwxp 00000000 00:00 0 
805e6000-806d7000 rwxp 00000000 00:00 0 
806d7000-806e1000 ---p 00000000 00:00 0 
806e1000-80748000 rwxp 00000000 00:00 0 
80748000-8075f000 rwxp 00000000 00:00 0 
8075f000-81760000 rwxp 00000000 00:00 0 
81760000-822a0000 ---p 00000000 00:00 0 
822a0000-84760000 rwxp 00000000 00:00 0 
84760000-a2800000 rwxp 00000000 00:00 0 
a2800000-a3e10000 ---p 00000000 00:00 0 
a3e10000-b0a90000 rwxp 00000000 00:00 0 
b0a90000-b3960000 rwxp 00000000 00:00 0 
b3960000-b3961000 rwxp 00000000 00:00 0 
b3961000-b3963000 r-xp 00000000 08:06 267294     /usr/lib/libXau.so.6.0.0
b3963000-b3964000 r-xp 00001000 08:06 267294     /usr/lib/libXau.so.6.0.0
b3964000-b3965000 rwxp 00002000 08:06 267294     /usr/lib/libXau.so.6.0.0
b3965000-b396a000 r-xs 00136000 08:07 9961952    /home/wanderer/code/java/SoundIt/lib/AudioFramework.jar
b396a000-b396d000 r-xs 00017000 08:07 10888574   /home/wanderer/code/java/SoundIt/lib/tritonus_share.jar
b396d000-b3976000 rwxp 00000000 00:00 0 
b3976000-b3a2d000 rwxp 00000000 00:00 0 
b3a2d000-b3c6d000 rwxp 00000000 00:00 0 
b3c6d000-b6a2d000 rwxp 00000000 00:00 0 
b6a2d000-b6a3c000 r-xp 00000000 08:06 1057381    /usr/lib/jvm/java-6-sun-1.6.0.22/jre/lib/i386/libzip.so
b6a3c000-b6a3e000 rwxp 0000e000 08:06 1057381    /usr/lib/jvm/java-6-sun-1.6.0.22/jre/lib/i386/libzip.so
b6a3e000-b6a48000 r-xp 00000000 08:06 918561     /lib/tls/i686/cmov/libnss_files-2.11.1.so
b6a48000-b6a49000 r-xp 00009000 08:06 918561     /lib/tls/i686/cmov/libnss_files-2.11.1.so
b6a49000-b6a4a000 rwxp 0000a000 08:06 918561     /lib/tls/i686/cmov/libnss_files-2.11.1.so
b6a4a000-b6a52000 r-xp 00000000 08:06 918563     /lib/tls/i686/cmov/libnss_nis-2.11.1.so
b6a52000-b6a53000 r-xp 00007000 08:06 918563     /lib/tls/i686/cmov/libnss_nis-2.11.1.so
b6a53000-b6a54000 rwxp 00008000 08:06 918563     /lib/tls/i686/cmov/libnss_nis-2.11.1.so
b6a54000-b6a5a000 r-xp 00000000 08:06 918559     /lib/tls/i686/cmov/libnss_compat-2.11.1.so
b6a5a000-b6a5b000 r-xp 00006000 08:06 918559     /lib/tls/i686/cmov/libnss_compat-2.11.1.so
b6a5b000-b6a5c000 rwxp 00007000 08:06 918559     /lib/tls/i686/cmov/libnss_compat-2.11.1.so
b6a5c000-b6a6f000 r-xp 00000000 08:06 918558     /lib/tls/i686/cmov/libnsl-2.11.1.so
b6a6f000-b6a70000 r-xp 00012000 08:06 918558     /lib/tls/i686/cmov/libnsl-2.11.1.so
b6a70000-b6a71000 rwxp 00013000 08:06 918558     /lib/tls/i686/cmov/libnsl-2.11.1.so
b6a71000-b6a73000 rwxp 00000000 00:00 0 
b6a73000-b6a74000 r-xs 00005000 08:07 10888567   /home/wanderer/code/java/SoundIt/lib/mp3spi1.9.4.jar
b6a74000-b6a77000 r-xs 00022000 08:07 10888581   /home/wanderer/code/java/SoundIt/lib/jlayer-1.0.1.jar
b6a77000-b6a7a000 r-xs 00017000 08:07 10888577   /home/wanderer/code/java/SoundIt/lib/jl1.0.jar
b6a7a000-b6a81000 r-xs 00000000 08:06 272684     /usr/lib/gconv/gconv-modules.cache
b6a81000-b6a89000 rwxs 00000000 08:06 1319030    /tmp/hsperfdata_wanderer/5610
b6a89000-b6aac000 r-xp 00000000 08:06 1057380    /usr/lib/jvm/java-6-sun-1.6.0.22/jre/lib/i386/libjava.so
b6aac000-b6aae000 rwxp 00023000 08:06 1057380    /usr/lib/jvm/java-6-sun-1.6.0.22/jre/lib/i386/libjava.so
b6aae000-b6ab5000 r-xp 00000000 08:06 918568     /lib/tls/i686/cmov/librt-2.11.1.so
b6ab5000-b6ab6000 r-xp 00006000 08:06 918568     /lib/tls/i686/cmov/librt-2.11.1.so
b6ab6000-b6ab7000 rwxp 00007000 08:06 918568     /lib/tls/i686/cmov/librt-2.11.1.so
b6ab7000-b6aba000 ---p 00000000 00:00 0 
b6aba000-b6b08000 rwxp 00000000 00:00 0 
b6b08000-b6b2c000 r-xp 00000000 08:06 918556     /lib/tls/i686/cmov/libm-2.11.1.so
b6b2c000-b6b2d000 r-xp 00023000 08:06 918556     /lib/tls/i686/cmov/libm-2.11.1.so
b6b2d000-b6b2e000 rwxp 00024000 08:06 918556     /lib/tls/i686/cmov/libm-2.11.1.so
b6b2e000-b725a000 r-xp 00000000 08:06 1192473    /usr/lib/jvm/java-6-sun-1.6.0.22/jre/lib/i386/server/libjvm.so
b725a000-b72ad000 rwxp 0072c000 08:06 1192473    /usr/lib/jvm/java-6-sun-1.6.0.22/jre/lib/i386/server/libjvm.so
b72ad000-b76cd000 rwxp 00000000 00:00 0 
b76cd000-b7820000 r-xp 00000000 08:06 918552     /lib/tls/i686/cmov/libc-2.11.1.so
b7820000-b7821000 ---p 00153000 08:06 918552     /lib/tls/i686/cmov/libc-2.11.1.so
b7821000-b7823000 r-xp 00153000 08:06 918552     /lib/tls/i686/cmov/libc-2.11.1.so
b7823000-b7824000 rwxp 00155000 08:06 918552     /lib/tls/i686/cmov/libc-2.11.1.so
b7824000-b7827000 rwxp 00000000 00:00 0 
b7827000-b7829000 r-xp 00000000 08:06 918555     /lib/tls/i686/cmov/libdl-2.11.1.so
b7829000-b782a000 r-xp 00001000 08:06 918555     /lib/tls/i686/cmov/libdl-2.11.1.so
b782a000-b782b000 rwxp 00002000 08:06 918555     /lib/tls/i686/cmov/libdl-2.11.1.so
b782b000-b7832000 r-xp 00000000 08:06 1192479    /usr/lib/jvm/java-6-sun-1.6.0.22/jre/lib/i386/jli/libjli.so
b7832000-b7834000 rwxp 00006000 08:06 1192479    /usr/lib/jvm/java-6-sun-1.6.0.22/jre/lib/i386/jli/libjli.so
b7834000-b7835000 rwxp 00000000 00:00 0 
b7835000-b784a000 r-xp 00000000 08:06 918566     /lib/tls/i686/cmov/libpthread-2.11.1.so
b784a000-b784b000 r-xp 00014000 08:06 918566     /lib/tls/i686/cmov/libpthread-2.11.1.so
b784b000-b784c000 rwxp 00015000 08:06 918566     /lib/tls/i686/cmov/libpthread-2.11.1.so
b784c000-b784e000 rwxp 00000000 00:00 0 
b784e000-b784f000 r-xs 00002000 08:07 10888471   /home/wanderer/code/java/SoundIt/lib/tritonus_aos.jar
b784f000-b7855000 r-xp 00000000 08:06 1057374    /usr/lib/jvm/java-6-sun-1.6.0.22/jre/lib/i386/native_threads/libhpi.so
b7855000-b7856000 rwxp 00006000 08:06 1057374    /usr/lib/jvm/java-6-sun-1.6.0.22/jre/lib/i386/native_threads/libhpi.so
b7856000-b7857000 rwxp 00000000 00:00 0 
b7857000-b7858000 r-xp 00000000 00:00 0 
b7858000-b7863000 r-xp 00000000 08:06 1057379    /usr/lib/jvm/java-6-sun-1.6.0.22/jre/lib/i386/libverify.so
b7863000-b7864000 rwxp 0000b000 08:06 1057379    /usr/lib/jvm/java-6-sun-1.6.0.22/jre/lib/i386/libverify.so
b7864000-b7866000 rwxp 00000000 00:00 0 
b7866000-b7867000 r-xp 00000000 00:00 0          [vdso]
b7867000-b7882000 r-xp 00000000 08:06 786987     /lib/ld-2.11.1.so
b7882000-b7883000 r-xp 0001a000 08:06 786987     /lib/ld-2.11.1.so
b7883000-b7884000 rwxp 0001b000 08:06 786987     /lib/ld-2.11.1.so
bf8fe000-bf913000 rwxp 00000000 00:00 0          [stack]

VM Arguments:
jvm_args: -Dfile.encoding=UTF-8 
java_command: app.mainFrame
Launcher Type: SUN_STANDARD

Environment Variables:
PATH=/usr/local/sbin:/usr/local/bin:/usr/sbin:/usr/bin:/sbin:/bin:/usr/games
USERNAME=wanderer
LD_LIBRARY_PATH=/usr/lib/jvm/java-6-sun-1.6.0.22/jre/lib/i386/server:/usr/lib/jvm/java-6-sun-1.6.0.22/jre/lib/i386:/usr/lib/jvm/java-6-sun-1.6.0.22/jre/../lib/i386:/usr/lib/jvm/java-6-sun-1.6.0.22/jre/lib/i386/client:/usr/lib/jvm/java-6-sun-1.6.0.22/jre/lib/i386:/usr/lib/jvm/java-6-sun-1.6.0.22/jre/../lib/i386
SHELL=/bin/bash
DISPLAY=:0.0

Signal Handlers:
SIGSEGV: [libjvm.so+0x6a9f20], sa_mask[0]=0x7ffbfeff, sa_flags=0x10000004
SIGBUS: [libjvm.so+0x6a9f20], sa_mask[0]=0x7ffbfeff, sa_flags=0x10000004
SIGFPE: [libjvm.so+0x5781e0], sa_mask[0]=0x7ffbfeff, sa_flags=0x10000004
SIGPIPE: [libjvm.so+0x5781e0], sa_mask[0]=0x7ffbfeff, sa_flags=0x10000004
SIGXFSZ: [libjvm.so+0x5781e0], sa_mask[0]=0x7ffbfeff, sa_flags=0x10000004
SIGILL: [libjvm.so+0x5781e0], sa_mask[0]=0x7ffbfeff, sa_flags=0x10000004
SIGUSR1: SIG_DFL, sa_mask[0]=0x00000000, sa_flags=0x00000000
SIGUSR2: [libjvm.so+0x57ae20], sa_mask[0]=0x00000004, sa_flags=0x10000004
SIGHUP: [libjvm.so+0x57ab50], sa_mask[0]=0x7ffbfeff, sa_flags=0x10000004
SIGINT: SIG_IGN, sa_mask[0]=0x00000000, sa_flags=0x00000000
SIGTERM: [libjvm.so+0x57ab50], sa_mask[0]=0x7ffbfeff, sa_flags=0x10000004
SIGQUIT: [libjvm.so+0x57ab50], sa_mask[0]=0x7ffbfeff, sa_flags=0x10000004


---------------  S Y S T E M  ---------------

OS:squeeze/sid

uname:Linux 2.6.32-28-generic #55-Ubuntu SMP Mon Jan 10 21:21:01 UTC 2011 i686
libc:glibc 2.11.1 NPTL 2.11.1 
rlimit: STACK 8192k, CORE 0k, NPROC infinity, NOFILE 1024, AS infinity
load average:2.15 2.27 2.18

CPU:total 4 (8 cores per cpu, 2 threads per core) family 6 model 37 stepping 2, cmov, cx8, fxsr, mmx, sse, sse2, sse3, ssse3, sse4.1, sse4.2, popcnt, ht

Memory: 4k page, physical 3085576k(105992k free), swap 8193108k(8193108k free)

vm_info: Java HotSpot(TM) Server VM (17.1-b03) for linux-x86 JRE (1.6.0_22-b04), built on Sep 15 2010 01:02:09 by "java_re" with gcc 3.2.1-7a (J2SE release)

time: Fri Feb  4 21:25:09 2011
elapsed time: 806 seconds

